ARM GAS  /tmp/cc2D7oUg.s 			page 1


   1              		.cpu cortex-m4
   2              		.eabi_attribute 27, 1
   3              		.eabi_attribute 28, 1
   4              		.eabi_attribute 20, 1
   5              		.eabi_attribute 21, 1
   6              		.eabi_attribute 23, 3
   7              		.eabi_attribute 24, 1
   8              		.eabi_attribute 25, 1
   9              		.eabi_attribute 26, 1
  10              		.eabi_attribute 30, 1
  11              		.eabi_attribute 34, 1
  12              		.eabi_attribute 18, 4
  13              		.file	"stm32l4xx_hal_msp.c"
  14              		.text
  15              	.Ltext0:
  16              		.cfi_sections	.debug_frame
  17              		.section	.text.HAL_MspInit,"ax",%progbits
  18              		.align	1
  19              		.global	HAL_MspInit
  20              		.arch armv7e-m
  21              		.syntax unified
  22              		.thumb
  23              		.thumb_func
  24              		.fpu fpv4-sp-d16
  26              	HAL_MspInit:
  27              	.LFB130:
  28              		.file 1 "Src/stm32l4xx_hal_msp.c"
   1:Src/stm32l4xx_hal_msp.c **** /* USER CODE BEGIN Header */
   2:Src/stm32l4xx_hal_msp.c **** /**
   3:Src/stm32l4xx_hal_msp.c ****   ******************************************************************************
   4:Src/stm32l4xx_hal_msp.c ****   * File Name          : stm32l4xx_hal_msp.c
   5:Src/stm32l4xx_hal_msp.c ****   * Description        : This file provides code for the MSP Initialization 
   6:Src/stm32l4xx_hal_msp.c ****   *                      and de-Initialization codes.
   7:Src/stm32l4xx_hal_msp.c ****   ******************************************************************************
   8:Src/stm32l4xx_hal_msp.c ****   * @attention
   9:Src/stm32l4xx_hal_msp.c ****   *
  10:Src/stm32l4xx_hal_msp.c ****   * <h2><center>&copy; Copyright (c) 2020 STMicroelectronics.
  11:Src/stm32l4xx_hal_msp.c ****   * All rights reserved.</center></h2>
  12:Src/stm32l4xx_hal_msp.c ****   *
  13:Src/stm32l4xx_hal_msp.c ****   * This software component is licensed by ST under BSD 3-Clause license,
  14:Src/stm32l4xx_hal_msp.c ****   * the "License"; You may not use this file except in compliance with the
  15:Src/stm32l4xx_hal_msp.c ****   * License. You may obtain a copy of the License at:
  16:Src/stm32l4xx_hal_msp.c ****   *                        opensource.org/licenses/BSD-3-Clause
  17:Src/stm32l4xx_hal_msp.c ****   *
  18:Src/stm32l4xx_hal_msp.c ****   ******************************************************************************
  19:Src/stm32l4xx_hal_msp.c ****   */
  20:Src/stm32l4xx_hal_msp.c **** /* USER CODE END Header */
  21:Src/stm32l4xx_hal_msp.c **** 
  22:Src/stm32l4xx_hal_msp.c **** /* Includes ------------------------------------------------------------------*/
  23:Src/stm32l4xx_hal_msp.c **** #include "main.h"
  24:Src/stm32l4xx_hal_msp.c **** /* USER CODE BEGIN Includes */
  25:Src/stm32l4xx_hal_msp.c **** 
  26:Src/stm32l4xx_hal_msp.c **** /* USER CODE END Includes */
  27:Src/stm32l4xx_hal_msp.c **** 
  28:Src/stm32l4xx_hal_msp.c **** /* Private typedef -----------------------------------------------------------*/
  29:Src/stm32l4xx_hal_msp.c **** /* USER CODE BEGIN TD */
  30:Src/stm32l4xx_hal_msp.c **** 
ARM GAS  /tmp/cc2D7oUg.s 			page 2


  31:Src/stm32l4xx_hal_msp.c **** /* USER CODE END TD */
  32:Src/stm32l4xx_hal_msp.c **** 
  33:Src/stm32l4xx_hal_msp.c **** /* Private define ------------------------------------------------------------*/
  34:Src/stm32l4xx_hal_msp.c **** /* USER CODE BEGIN Define */
  35:Src/stm32l4xx_hal_msp.c ****  
  36:Src/stm32l4xx_hal_msp.c **** /* USER CODE END Define */
  37:Src/stm32l4xx_hal_msp.c **** 
  38:Src/stm32l4xx_hal_msp.c **** /* Private macro -------------------------------------------------------------*/
  39:Src/stm32l4xx_hal_msp.c **** /* USER CODE BEGIN Macro */
  40:Src/stm32l4xx_hal_msp.c **** 
  41:Src/stm32l4xx_hal_msp.c **** /* USER CODE END Macro */
  42:Src/stm32l4xx_hal_msp.c **** 
  43:Src/stm32l4xx_hal_msp.c **** /* Private variables ---------------------------------------------------------*/
  44:Src/stm32l4xx_hal_msp.c **** /* USER CODE BEGIN PV */
  45:Src/stm32l4xx_hal_msp.c **** 
  46:Src/stm32l4xx_hal_msp.c **** /* USER CODE END PV */
  47:Src/stm32l4xx_hal_msp.c **** 
  48:Src/stm32l4xx_hal_msp.c **** /* Private function prototypes -----------------------------------------------*/
  49:Src/stm32l4xx_hal_msp.c **** /* USER CODE BEGIN PFP */
  50:Src/stm32l4xx_hal_msp.c **** 
  51:Src/stm32l4xx_hal_msp.c **** /* USER CODE END PFP */
  52:Src/stm32l4xx_hal_msp.c **** 
  53:Src/stm32l4xx_hal_msp.c **** /* External functions --------------------------------------------------------*/
  54:Src/stm32l4xx_hal_msp.c **** /* USER CODE BEGIN ExternalFunctions */
  55:Src/stm32l4xx_hal_msp.c **** 
  56:Src/stm32l4xx_hal_msp.c **** /* USER CODE END ExternalFunctions */
  57:Src/stm32l4xx_hal_msp.c **** 
  58:Src/stm32l4xx_hal_msp.c **** /* USER CODE BEGIN 0 */
  59:Src/stm32l4xx_hal_msp.c **** 
  60:Src/stm32l4xx_hal_msp.c **** /* USER CODE END 0 */
  61:Src/stm32l4xx_hal_msp.c **** /**
  62:Src/stm32l4xx_hal_msp.c ****   * Initializes the Global MSP.
  63:Src/stm32l4xx_hal_msp.c ****   */
  64:Src/stm32l4xx_hal_msp.c **** void HAL_MspInit(void)
  65:Src/stm32l4xx_hal_msp.c **** {
  29              		.loc 1 65 1 view -0
  30              		.cfi_startproc
  31              		@ args = 0, pretend = 0, frame = 8
  32              		@ frame_needed = 0, uses_anonymous_args = 0
  33              		@ link register save eliminated.
  34 0000 82B0     		sub	sp, sp, #8
  35              	.LCFI0:
  36              		.cfi_def_cfa_offset 8
  66:Src/stm32l4xx_hal_msp.c ****   /* USER CODE BEGIN MspInit 0 */
  67:Src/stm32l4xx_hal_msp.c **** 
  68:Src/stm32l4xx_hal_msp.c ****   /* USER CODE END MspInit 0 */
  69:Src/stm32l4xx_hal_msp.c **** 
  70:Src/stm32l4xx_hal_msp.c ****   __HAL_RCC_SYSCFG_CLK_ENABLE();
  37              		.loc 1 70 3 view .LVU1
  38              	.LBB2:
  39              		.loc 1 70 3 view .LVU2
  40              		.loc 1 70 3 view .LVU3
  41 0002 0A4B     		ldr	r3, .L3
  42 0004 1A6E     		ldr	r2, [r3, #96]
  43 0006 42F00102 		orr	r2, r2, #1
  44 000a 1A66     		str	r2, [r3, #96]
  45              		.loc 1 70 3 view .LVU4
ARM GAS  /tmp/cc2D7oUg.s 			page 3


  46 000c 1A6E     		ldr	r2, [r3, #96]
  47 000e 02F00102 		and	r2, r2, #1
  48 0012 0092     		str	r2, [sp]
  49              		.loc 1 70 3 view .LVU5
  50 0014 009A     		ldr	r2, [sp]
  51              	.LBE2:
  52              		.loc 1 70 3 view .LVU6
  71:Src/stm32l4xx_hal_msp.c ****   __HAL_RCC_PWR_CLK_ENABLE();
  53              		.loc 1 71 3 view .LVU7
  54              	.LBB3:
  55              		.loc 1 71 3 view .LVU8
  56              		.loc 1 71 3 view .LVU9
  57 0016 9A6D     		ldr	r2, [r3, #88]
  58 0018 42F08052 		orr	r2, r2, #268435456
  59 001c 9A65     		str	r2, [r3, #88]
  60              		.loc 1 71 3 view .LVU10
  61 001e 9B6D     		ldr	r3, [r3, #88]
  62 0020 03F08053 		and	r3, r3, #268435456
  63 0024 0193     		str	r3, [sp, #4]
  64              		.loc 1 71 3 view .LVU11
  65 0026 019B     		ldr	r3, [sp, #4]
  66              	.LBE3:
  67              		.loc 1 71 3 view .LVU12
  72:Src/stm32l4xx_hal_msp.c **** 
  73:Src/stm32l4xx_hal_msp.c ****   /* System interrupt init*/
  74:Src/stm32l4xx_hal_msp.c **** 
  75:Src/stm32l4xx_hal_msp.c ****   /* USER CODE BEGIN MspInit 1 */
  76:Src/stm32l4xx_hal_msp.c **** 
  77:Src/stm32l4xx_hal_msp.c ****   /* USER CODE END MspInit 1 */
  78:Src/stm32l4xx_hal_msp.c **** }
  68              		.loc 1 78 1 is_stmt 0 view .LVU13
  69 0028 02B0     		add	sp, sp, #8
  70              	.LCFI1:
  71              		.cfi_def_cfa_offset 0
  72              		@ sp needed
  73 002a 7047     		bx	lr
  74              	.L4:
  75              		.align	2
  76              	.L3:
  77 002c 00100240 		.word	1073876992
  78              		.cfi_endproc
  79              	.LFE130:
  81              		.section	.text.HAL_SPI_MspInit,"ax",%progbits
  82              		.align	1
  83              		.global	HAL_SPI_MspInit
  84              		.syntax unified
  85              		.thumb
  86              		.thumb_func
  87              		.fpu fpv4-sp-d16
  89              	HAL_SPI_MspInit:
  90              	.LVL0:
  91              	.LFB131:
  79:Src/stm32l4xx_hal_msp.c **** 
  80:Src/stm32l4xx_hal_msp.c **** /**
  81:Src/stm32l4xx_hal_msp.c **** * @brief SPI MSP Initialization
  82:Src/stm32l4xx_hal_msp.c **** * This function configures the hardware resources used in this example
  83:Src/stm32l4xx_hal_msp.c **** * @param hspi: SPI handle pointer
ARM GAS  /tmp/cc2D7oUg.s 			page 4


  84:Src/stm32l4xx_hal_msp.c **** * @retval None
  85:Src/stm32l4xx_hal_msp.c **** */
  86:Src/stm32l4xx_hal_msp.c **** void HAL_SPI_MspInit(SPI_HandleTypeDef* hspi)
  87:Src/stm32l4xx_hal_msp.c **** {
  92              		.loc 1 87 1 is_stmt 1 view -0
  93              		.cfi_startproc
  94              		@ args = 0, pretend = 0, frame = 32
  95              		@ frame_needed = 0, uses_anonymous_args = 0
  96              		.loc 1 87 1 is_stmt 0 view .LVU15
  97 0000 00B5     		push	{lr}
  98              	.LCFI2:
  99              		.cfi_def_cfa_offset 4
 100              		.cfi_offset 14, -4
 101 0002 89B0     		sub	sp, sp, #36
 102              	.LCFI3:
 103              		.cfi_def_cfa_offset 40
  88:Src/stm32l4xx_hal_msp.c ****   GPIO_InitTypeDef GPIO_InitStruct = {0};
 104              		.loc 1 88 3 is_stmt 1 view .LVU16
 105              		.loc 1 88 20 is_stmt 0 view .LVU17
 106 0004 0023     		movs	r3, #0
 107 0006 0393     		str	r3, [sp, #12]
 108 0008 0493     		str	r3, [sp, #16]
 109 000a 0593     		str	r3, [sp, #20]
 110 000c 0693     		str	r3, [sp, #24]
 111 000e 0793     		str	r3, [sp, #28]
  89:Src/stm32l4xx_hal_msp.c ****   if(hspi->Instance==SPI1)
 112              		.loc 1 89 3 is_stmt 1 view .LVU18
 113              		.loc 1 89 10 is_stmt 0 view .LVU19
 114 0010 0268     		ldr	r2, [r0]
 115              		.loc 1 89 5 view .LVU20
 116 0012 144B     		ldr	r3, .L9
 117 0014 9A42     		cmp	r2, r3
 118 0016 02D0     		beq	.L8
 119              	.LVL1:
 120              	.L5:
  90:Src/stm32l4xx_hal_msp.c ****   {
  91:Src/stm32l4xx_hal_msp.c ****   /* USER CODE BEGIN SPI1_MspInit 0 */
  92:Src/stm32l4xx_hal_msp.c **** 
  93:Src/stm32l4xx_hal_msp.c ****   /* USER CODE END SPI1_MspInit 0 */
  94:Src/stm32l4xx_hal_msp.c ****     /* Peripheral clock enable */
  95:Src/stm32l4xx_hal_msp.c ****     __HAL_RCC_SPI1_CLK_ENABLE();
  96:Src/stm32l4xx_hal_msp.c ****   
  97:Src/stm32l4xx_hal_msp.c ****     __HAL_RCC_GPIOA_CLK_ENABLE();
  98:Src/stm32l4xx_hal_msp.c ****     /**SPI1 GPIO Configuration    
  99:Src/stm32l4xx_hal_msp.c ****     PA4     ------> SPI1_NSS
 100:Src/stm32l4xx_hal_msp.c ****     PA5     ------> SPI1_SCK
 101:Src/stm32l4xx_hal_msp.c ****     PA6     ------> SPI1_MISO
 102:Src/stm32l4xx_hal_msp.c ****     PA7     ------> SPI1_MOSI 
 103:Src/stm32l4xx_hal_msp.c ****     */
 104:Src/stm32l4xx_hal_msp.c ****     GPIO_InitStruct.Pin = GPIO_PIN_4|GPIO_PIN_5|GPIO_PIN_6|GPIO_PIN_7;
 105:Src/stm32l4xx_hal_msp.c ****     GPIO_InitStruct.Mode = GPIO_MODE_AF_PP;
 106:Src/stm32l4xx_hal_msp.c ****     GPIO_InitStruct.Pull = GPIO_NOPULL;
 107:Src/stm32l4xx_hal_msp.c ****     GPIO_InitStruct.Speed = GPIO_SPEED_FREQ_VERY_HIGH;
 108:Src/stm32l4xx_hal_msp.c ****     GPIO_InitStruct.Alternate = GPIO_AF5_SPI1;
 109:Src/stm32l4xx_hal_msp.c ****     HAL_GPIO_Init(GPIOA, &GPIO_InitStruct);
 110:Src/stm32l4xx_hal_msp.c **** 
 111:Src/stm32l4xx_hal_msp.c ****   /* USER CODE BEGIN SPI1_MspInit 1 */
ARM GAS  /tmp/cc2D7oUg.s 			page 5


 112:Src/stm32l4xx_hal_msp.c **** 
 113:Src/stm32l4xx_hal_msp.c ****   /* USER CODE END SPI1_MspInit 1 */
 114:Src/stm32l4xx_hal_msp.c ****   }
 115:Src/stm32l4xx_hal_msp.c **** 
 116:Src/stm32l4xx_hal_msp.c **** }
 121              		.loc 1 116 1 view .LVU21
 122 0018 09B0     		add	sp, sp, #36
 123              	.LCFI4:
 124              		.cfi_remember_state
 125              		.cfi_def_cfa_offset 4
 126              		@ sp needed
 127 001a 5DF804FB 		ldr	pc, [sp], #4
 128              	.LVL2:
 129              	.L8:
 130              	.LCFI5:
 131              		.cfi_restore_state
  95:Src/stm32l4xx_hal_msp.c ****   
 132              		.loc 1 95 5 is_stmt 1 view .LVU22
 133              	.LBB4:
  95:Src/stm32l4xx_hal_msp.c ****   
 134              		.loc 1 95 5 view .LVU23
  95:Src/stm32l4xx_hal_msp.c ****   
 135              		.loc 1 95 5 view .LVU24
 136 001e 03F56043 		add	r3, r3, #57344
 137 0022 1A6E     		ldr	r2, [r3, #96]
 138 0024 42F48052 		orr	r2, r2, #4096
 139 0028 1A66     		str	r2, [r3, #96]
  95:Src/stm32l4xx_hal_msp.c ****   
 140              		.loc 1 95 5 view .LVU25
 141 002a 1A6E     		ldr	r2, [r3, #96]
 142 002c 02F48052 		and	r2, r2, #4096
 143 0030 0192     		str	r2, [sp, #4]
  95:Src/stm32l4xx_hal_msp.c ****   
 144              		.loc 1 95 5 view .LVU26
 145 0032 019A     		ldr	r2, [sp, #4]
 146              	.LBE4:
  95:Src/stm32l4xx_hal_msp.c ****   
 147              		.loc 1 95 5 view .LVU27
  97:Src/stm32l4xx_hal_msp.c ****     /**SPI1 GPIO Configuration    
 148              		.loc 1 97 5 view .LVU28
 149              	.LBB5:
  97:Src/stm32l4xx_hal_msp.c ****     /**SPI1 GPIO Configuration    
 150              		.loc 1 97 5 view .LVU29
  97:Src/stm32l4xx_hal_msp.c ****     /**SPI1 GPIO Configuration    
 151              		.loc 1 97 5 view .LVU30
 152 0034 DA6C     		ldr	r2, [r3, #76]
 153 0036 42F00102 		orr	r2, r2, #1
 154 003a DA64     		str	r2, [r3, #76]
  97:Src/stm32l4xx_hal_msp.c ****     /**SPI1 GPIO Configuration    
 155              		.loc 1 97 5 view .LVU31
 156 003c DB6C     		ldr	r3, [r3, #76]
 157 003e 03F00103 		and	r3, r3, #1
 158 0042 0293     		str	r3, [sp, #8]
  97:Src/stm32l4xx_hal_msp.c ****     /**SPI1 GPIO Configuration    
 159              		.loc 1 97 5 view .LVU32
 160 0044 029B     		ldr	r3, [sp, #8]
 161              	.LBE5:
ARM GAS  /tmp/cc2D7oUg.s 			page 6


  97:Src/stm32l4xx_hal_msp.c ****     /**SPI1 GPIO Configuration    
 162              		.loc 1 97 5 view .LVU33
 104:Src/stm32l4xx_hal_msp.c ****     GPIO_InitStruct.Mode = GPIO_MODE_AF_PP;
 163              		.loc 1 104 5 view .LVU34
 104:Src/stm32l4xx_hal_msp.c ****     GPIO_InitStruct.Mode = GPIO_MODE_AF_PP;
 164              		.loc 1 104 25 is_stmt 0 view .LVU35
 165 0046 F023     		movs	r3, #240
 166 0048 0393     		str	r3, [sp, #12]
 105:Src/stm32l4xx_hal_msp.c ****     GPIO_InitStruct.Pull = GPIO_NOPULL;
 167              		.loc 1 105 5 is_stmt 1 view .LVU36
 105:Src/stm32l4xx_hal_msp.c ****     GPIO_InitStruct.Pull = GPIO_NOPULL;
 168              		.loc 1 105 26 is_stmt 0 view .LVU37
 169 004a 0223     		movs	r3, #2
 170 004c 0493     		str	r3, [sp, #16]
 106:Src/stm32l4xx_hal_msp.c ****     GPIO_InitStruct.Speed = GPIO_SPEED_FREQ_VERY_HIGH;
 171              		.loc 1 106 5 is_stmt 1 view .LVU38
 107:Src/stm32l4xx_hal_msp.c ****     GPIO_InitStruct.Alternate = GPIO_AF5_SPI1;
 172              		.loc 1 107 5 view .LVU39
 107:Src/stm32l4xx_hal_msp.c ****     GPIO_InitStruct.Alternate = GPIO_AF5_SPI1;
 173              		.loc 1 107 27 is_stmt 0 view .LVU40
 174 004e 0323     		movs	r3, #3
 175 0050 0693     		str	r3, [sp, #24]
 108:Src/stm32l4xx_hal_msp.c ****     HAL_GPIO_Init(GPIOA, &GPIO_InitStruct);
 176              		.loc 1 108 5 is_stmt 1 view .LVU41
 108:Src/stm32l4xx_hal_msp.c ****     HAL_GPIO_Init(GPIOA, &GPIO_InitStruct);
 177              		.loc 1 108 31 is_stmt 0 view .LVU42
 178 0052 0523     		movs	r3, #5
 179 0054 0793     		str	r3, [sp, #28]
 109:Src/stm32l4xx_hal_msp.c **** 
 180              		.loc 1 109 5 is_stmt 1 view .LVU43
 181 0056 03A9     		add	r1, sp, #12
 182 0058 4FF09040 		mov	r0, #1207959552
 183              	.LVL3:
 109:Src/stm32l4xx_hal_msp.c **** 
 184              		.loc 1 109 5 is_stmt 0 view .LVU44
 185 005c FFF7FEFF 		bl	HAL_GPIO_Init
 186              	.LVL4:
 187              		.loc 1 116 1 view .LVU45
 188 0060 DAE7     		b	.L5
 189              	.L10:
 190 0062 00BF     		.align	2
 191              	.L9:
 192 0064 00300140 		.word	1073819648
 193              		.cfi_endproc
 194              	.LFE131:
 196              		.section	.text.HAL_SPI_MspDeInit,"ax",%progbits
 197              		.align	1
 198              		.global	HAL_SPI_MspDeInit
 199              		.syntax unified
 200              		.thumb
 201              		.thumb_func
 202              		.fpu fpv4-sp-d16
 204              	HAL_SPI_MspDeInit:
 205              	.LVL5:
 206              	.LFB132:
 117:Src/stm32l4xx_hal_msp.c **** 
 118:Src/stm32l4xx_hal_msp.c **** /**
ARM GAS  /tmp/cc2D7oUg.s 			page 7


 119:Src/stm32l4xx_hal_msp.c **** * @brief SPI MSP De-Initialization
 120:Src/stm32l4xx_hal_msp.c **** * This function freeze the hardware resources used in this example
 121:Src/stm32l4xx_hal_msp.c **** * @param hspi: SPI handle pointer
 122:Src/stm32l4xx_hal_msp.c **** * @retval None
 123:Src/stm32l4xx_hal_msp.c **** */
 124:Src/stm32l4xx_hal_msp.c **** void HAL_SPI_MspDeInit(SPI_HandleTypeDef* hspi)
 125:Src/stm32l4xx_hal_msp.c **** {
 207              		.loc 1 125 1 is_stmt 1 view -0
 208              		.cfi_startproc
 209              		@ args = 0, pretend = 0, frame = 0
 210              		@ frame_needed = 0, uses_anonymous_args = 0
 211              		.loc 1 125 1 is_stmt 0 view .LVU47
 212 0000 08B5     		push	{r3, lr}
 213              	.LCFI6:
 214              		.cfi_def_cfa_offset 8
 215              		.cfi_offset 3, -8
 216              		.cfi_offset 14, -4
 126:Src/stm32l4xx_hal_msp.c ****   if(hspi->Instance==SPI1)
 217              		.loc 1 126 3 is_stmt 1 view .LVU48
 218              		.loc 1 126 10 is_stmt 0 view .LVU49
 219 0002 0268     		ldr	r2, [r0]
 220              		.loc 1 126 5 view .LVU50
 221 0004 074B     		ldr	r3, .L15
 222 0006 9A42     		cmp	r2, r3
 223 0008 00D0     		beq	.L14
 224              	.LVL6:
 225              	.L11:
 127:Src/stm32l4xx_hal_msp.c ****   {
 128:Src/stm32l4xx_hal_msp.c ****   /* USER CODE BEGIN SPI1_MspDeInit 0 */
 129:Src/stm32l4xx_hal_msp.c **** 
 130:Src/stm32l4xx_hal_msp.c ****   /* USER CODE END SPI1_MspDeInit 0 */
 131:Src/stm32l4xx_hal_msp.c ****     /* Peripheral clock disable */
 132:Src/stm32l4xx_hal_msp.c ****     __HAL_RCC_SPI1_CLK_DISABLE();
 133:Src/stm32l4xx_hal_msp.c ****   
 134:Src/stm32l4xx_hal_msp.c ****     /**SPI1 GPIO Configuration    
 135:Src/stm32l4xx_hal_msp.c ****     PA4     ------> SPI1_NSS
 136:Src/stm32l4xx_hal_msp.c ****     PA5     ------> SPI1_SCK
 137:Src/stm32l4xx_hal_msp.c ****     PA6     ------> SPI1_MISO
 138:Src/stm32l4xx_hal_msp.c ****     PA7     ------> SPI1_MOSI 
 139:Src/stm32l4xx_hal_msp.c ****     */
 140:Src/stm32l4xx_hal_msp.c ****     HAL_GPIO_DeInit(GPIOA, GPIO_PIN_4|GPIO_PIN_5|GPIO_PIN_6|GPIO_PIN_7);
 141:Src/stm32l4xx_hal_msp.c **** 
 142:Src/stm32l4xx_hal_msp.c ****   /* USER CODE BEGIN SPI1_MspDeInit 1 */
 143:Src/stm32l4xx_hal_msp.c **** 
 144:Src/stm32l4xx_hal_msp.c ****   /* USER CODE END SPI1_MspDeInit 1 */
 145:Src/stm32l4xx_hal_msp.c ****   }
 146:Src/stm32l4xx_hal_msp.c **** 
 147:Src/stm32l4xx_hal_msp.c **** }
 226              		.loc 1 147 1 view .LVU51
 227 000a 08BD     		pop	{r3, pc}
 228              	.LVL7:
 229              	.L14:
 132:Src/stm32l4xx_hal_msp.c ****   
 230              		.loc 1 132 5 is_stmt 1 view .LVU52
 231 000c 064A     		ldr	r2, .L15+4
 232 000e 136E     		ldr	r3, [r2, #96]
 233 0010 23F48053 		bic	r3, r3, #4096
ARM GAS  /tmp/cc2D7oUg.s 			page 8


 234 0014 1366     		str	r3, [r2, #96]
 140:Src/stm32l4xx_hal_msp.c **** 
 235              		.loc 1 140 5 view .LVU53
 236 0016 F021     		movs	r1, #240
 237 0018 4FF09040 		mov	r0, #1207959552
 238              	.LVL8:
 140:Src/stm32l4xx_hal_msp.c **** 
 239              		.loc 1 140 5 is_stmt 0 view .LVU54
 240 001c FFF7FEFF 		bl	HAL_GPIO_DeInit
 241              	.LVL9:
 242              		.loc 1 147 1 view .LVU55
 243 0020 F3E7     		b	.L11
 244              	.L16:
 245 0022 00BF     		.align	2
 246              	.L15:
 247 0024 00300140 		.word	1073819648
 248 0028 00100240 		.word	1073876992
 249              		.cfi_endproc
 250              	.LFE132:
 252              		.section	.text.HAL_UART_MspInit,"ax",%progbits
 253              		.align	1
 254              		.global	HAL_UART_MspInit
 255              		.syntax unified
 256              		.thumb
 257              		.thumb_func
 258              		.fpu fpv4-sp-d16
 260              	HAL_UART_MspInit:
 261              	.LVL10:
 262              	.LFB133:
 148:Src/stm32l4xx_hal_msp.c **** 
 149:Src/stm32l4xx_hal_msp.c **** /**
 150:Src/stm32l4xx_hal_msp.c **** * @brief UART MSP Initialization
 151:Src/stm32l4xx_hal_msp.c **** * This function configures the hardware resources used in this example
 152:Src/stm32l4xx_hal_msp.c **** * @param huart: UART handle pointer
 153:Src/stm32l4xx_hal_msp.c **** * @retval None
 154:Src/stm32l4xx_hal_msp.c **** */
 155:Src/stm32l4xx_hal_msp.c **** void HAL_UART_MspInit(UART_HandleTypeDef* huart)
 156:Src/stm32l4xx_hal_msp.c **** {
 263              		.loc 1 156 1 is_stmt 1 view -0
 264              		.cfi_startproc
 265              		@ args = 0, pretend = 0, frame = 32
 266              		@ frame_needed = 0, uses_anonymous_args = 0
 267              		.loc 1 156 1 is_stmt 0 view .LVU57
 268 0000 00B5     		push	{lr}
 269              	.LCFI7:
 270              		.cfi_def_cfa_offset 4
 271              		.cfi_offset 14, -4
 272 0002 89B0     		sub	sp, sp, #36
 273              	.LCFI8:
 274              		.cfi_def_cfa_offset 40
 157:Src/stm32l4xx_hal_msp.c ****   GPIO_InitTypeDef GPIO_InitStruct = {0};
 275              		.loc 1 157 3 is_stmt 1 view .LVU58
 276              		.loc 1 157 20 is_stmt 0 view .LVU59
 277 0004 0023     		movs	r3, #0
 278 0006 0393     		str	r3, [sp, #12]
 279 0008 0493     		str	r3, [sp, #16]
 280 000a 0593     		str	r3, [sp, #20]
ARM GAS  /tmp/cc2D7oUg.s 			page 9


 281 000c 0693     		str	r3, [sp, #24]
 282 000e 0793     		str	r3, [sp, #28]
 158:Src/stm32l4xx_hal_msp.c ****   if(huart->Instance==USART2)
 283              		.loc 1 158 3 is_stmt 1 view .LVU60
 284              		.loc 1 158 11 is_stmt 0 view .LVU61
 285 0010 0268     		ldr	r2, [r0]
 286              		.loc 1 158 5 view .LVU62
 287 0012 184B     		ldr	r3, .L21
 288 0014 9A42     		cmp	r2, r3
 289 0016 02D0     		beq	.L20
 290              	.LVL11:
 291              	.L17:
 159:Src/stm32l4xx_hal_msp.c ****   {
 160:Src/stm32l4xx_hal_msp.c ****   /* USER CODE BEGIN USART2_MspInit 0 */
 161:Src/stm32l4xx_hal_msp.c **** 
 162:Src/stm32l4xx_hal_msp.c ****   /* USER CODE END USART2_MspInit 0 */
 163:Src/stm32l4xx_hal_msp.c ****     /* Peripheral clock enable */
 164:Src/stm32l4xx_hal_msp.c ****     __HAL_RCC_USART2_CLK_ENABLE();
 165:Src/stm32l4xx_hal_msp.c ****   
 166:Src/stm32l4xx_hal_msp.c ****     __HAL_RCC_GPIOA_CLK_ENABLE();
 167:Src/stm32l4xx_hal_msp.c ****     /**USART2 GPIO Configuration    
 168:Src/stm32l4xx_hal_msp.c ****     PA2     ------> USART2_TX
 169:Src/stm32l4xx_hal_msp.c ****     PA3     ------> USART2_RX 
 170:Src/stm32l4xx_hal_msp.c ****     */
 171:Src/stm32l4xx_hal_msp.c ****     GPIO_InitStruct.Pin = GPIO_PIN_2|GPIO_PIN_3;
 172:Src/stm32l4xx_hal_msp.c ****     GPIO_InitStruct.Mode = GPIO_MODE_AF_PP;
 173:Src/stm32l4xx_hal_msp.c ****     GPIO_InitStruct.Pull = GPIO_NOPULL;
 174:Src/stm32l4xx_hal_msp.c ****     GPIO_InitStruct.Speed = GPIO_SPEED_FREQ_VERY_HIGH;
 175:Src/stm32l4xx_hal_msp.c ****     GPIO_InitStruct.Alternate = GPIO_AF7_USART2;
 176:Src/stm32l4xx_hal_msp.c ****     HAL_GPIO_Init(GPIOA, &GPIO_InitStruct);
 177:Src/stm32l4xx_hal_msp.c **** 
 178:Src/stm32l4xx_hal_msp.c ****     /* USART2 interrupt Init */
 179:Src/stm32l4xx_hal_msp.c ****     HAL_NVIC_SetPriority(USART2_IRQn, 0, 0);
 180:Src/stm32l4xx_hal_msp.c ****     HAL_NVIC_EnableIRQ(USART2_IRQn);
 181:Src/stm32l4xx_hal_msp.c ****   /* USER CODE BEGIN USART2_MspInit 1 */
 182:Src/stm32l4xx_hal_msp.c **** 
 183:Src/stm32l4xx_hal_msp.c ****   /* USER CODE END USART2_MspInit 1 */
 184:Src/stm32l4xx_hal_msp.c ****   }
 185:Src/stm32l4xx_hal_msp.c **** 
 186:Src/stm32l4xx_hal_msp.c **** }
 292              		.loc 1 186 1 view .LVU63
 293 0018 09B0     		add	sp, sp, #36
 294              	.LCFI9:
 295              		.cfi_remember_state
 296              		.cfi_def_cfa_offset 4
 297              		@ sp needed
 298 001a 5DF804FB 		ldr	pc, [sp], #4
 299              	.LVL12:
 300              	.L20:
 301              	.LCFI10:
 302              		.cfi_restore_state
 164:Src/stm32l4xx_hal_msp.c ****   
 303              		.loc 1 164 5 is_stmt 1 view .LVU64
 304              	.LBB6:
 164:Src/stm32l4xx_hal_msp.c ****   
 305              		.loc 1 164 5 view .LVU65
 164:Src/stm32l4xx_hal_msp.c ****   
ARM GAS  /tmp/cc2D7oUg.s 			page 10


 306              		.loc 1 164 5 view .LVU66
 307 001e 03F5E633 		add	r3, r3, #117760
 308 0022 9A6D     		ldr	r2, [r3, #88]
 309 0024 42F40032 		orr	r2, r2, #131072
 310 0028 9A65     		str	r2, [r3, #88]
 164:Src/stm32l4xx_hal_msp.c ****   
 311              		.loc 1 164 5 view .LVU67
 312 002a 9A6D     		ldr	r2, [r3, #88]
 313 002c 02F40032 		and	r2, r2, #131072
 314 0030 0192     		str	r2, [sp, #4]
 164:Src/stm32l4xx_hal_msp.c ****   
 315              		.loc 1 164 5 view .LVU68
 316 0032 019A     		ldr	r2, [sp, #4]
 317              	.LBE6:
 164:Src/stm32l4xx_hal_msp.c ****   
 318              		.loc 1 164 5 view .LVU69
 166:Src/stm32l4xx_hal_msp.c ****     /**USART2 GPIO Configuration    
 319              		.loc 1 166 5 view .LVU70
 320              	.LBB7:
 166:Src/stm32l4xx_hal_msp.c ****     /**USART2 GPIO Configuration    
 321              		.loc 1 166 5 view .LVU71
 166:Src/stm32l4xx_hal_msp.c ****     /**USART2 GPIO Configuration    
 322              		.loc 1 166 5 view .LVU72
 323 0034 DA6C     		ldr	r2, [r3, #76]
 324 0036 42F00102 		orr	r2, r2, #1
 325 003a DA64     		str	r2, [r3, #76]
 166:Src/stm32l4xx_hal_msp.c ****     /**USART2 GPIO Configuration    
 326              		.loc 1 166 5 view .LVU73
 327 003c DB6C     		ldr	r3, [r3, #76]
 328 003e 03F00103 		and	r3, r3, #1
 329 0042 0293     		str	r3, [sp, #8]
 166:Src/stm32l4xx_hal_msp.c ****     /**USART2 GPIO Configuration    
 330              		.loc 1 166 5 view .LVU74
 331 0044 029B     		ldr	r3, [sp, #8]
 332              	.LBE7:
 166:Src/stm32l4xx_hal_msp.c ****     /**USART2 GPIO Configuration    
 333              		.loc 1 166 5 view .LVU75
 171:Src/stm32l4xx_hal_msp.c ****     GPIO_InitStruct.Mode = GPIO_MODE_AF_PP;
 334              		.loc 1 171 5 view .LVU76
 171:Src/stm32l4xx_hal_msp.c ****     GPIO_InitStruct.Mode = GPIO_MODE_AF_PP;
 335              		.loc 1 171 25 is_stmt 0 view .LVU77
 336 0046 0C23     		movs	r3, #12
 337 0048 0393     		str	r3, [sp, #12]
 172:Src/stm32l4xx_hal_msp.c ****     GPIO_InitStruct.Pull = GPIO_NOPULL;
 338              		.loc 1 172 5 is_stmt 1 view .LVU78
 172:Src/stm32l4xx_hal_msp.c ****     GPIO_InitStruct.Pull = GPIO_NOPULL;
 339              		.loc 1 172 26 is_stmt 0 view .LVU79
 340 004a 0223     		movs	r3, #2
 341 004c 0493     		str	r3, [sp, #16]
 173:Src/stm32l4xx_hal_msp.c ****     GPIO_InitStruct.Speed = GPIO_SPEED_FREQ_VERY_HIGH;
 342              		.loc 1 173 5 is_stmt 1 view .LVU80
 174:Src/stm32l4xx_hal_msp.c ****     GPIO_InitStruct.Alternate = GPIO_AF7_USART2;
 343              		.loc 1 174 5 view .LVU81
 174:Src/stm32l4xx_hal_msp.c ****     GPIO_InitStruct.Alternate = GPIO_AF7_USART2;
 344              		.loc 1 174 27 is_stmt 0 view .LVU82
 345 004e 0323     		movs	r3, #3
 346 0050 0693     		str	r3, [sp, #24]
ARM GAS  /tmp/cc2D7oUg.s 			page 11


 175:Src/stm32l4xx_hal_msp.c ****     HAL_GPIO_Init(GPIOA, &GPIO_InitStruct);
 347              		.loc 1 175 5 is_stmt 1 view .LVU83
 175:Src/stm32l4xx_hal_msp.c ****     HAL_GPIO_Init(GPIOA, &GPIO_InitStruct);
 348              		.loc 1 175 31 is_stmt 0 view .LVU84
 349 0052 0723     		movs	r3, #7
 350 0054 0793     		str	r3, [sp, #28]
 176:Src/stm32l4xx_hal_msp.c **** 
 351              		.loc 1 176 5 is_stmt 1 view .LVU85
 352 0056 03A9     		add	r1, sp, #12
 353 0058 4FF09040 		mov	r0, #1207959552
 354              	.LVL13:
 176:Src/stm32l4xx_hal_msp.c **** 
 355              		.loc 1 176 5 is_stmt 0 view .LVU86
 356 005c FFF7FEFF 		bl	HAL_GPIO_Init
 357              	.LVL14:
 179:Src/stm32l4xx_hal_msp.c ****     HAL_NVIC_EnableIRQ(USART2_IRQn);
 358              		.loc 1 179 5 is_stmt 1 view .LVU87
 359 0060 0022     		movs	r2, #0
 360 0062 1146     		mov	r1, r2
 361 0064 2620     		movs	r0, #38
 362 0066 FFF7FEFF 		bl	HAL_NVIC_SetPriority
 363              	.LVL15:
 180:Src/stm32l4xx_hal_msp.c ****   /* USER CODE BEGIN USART2_MspInit 1 */
 364              		.loc 1 180 5 view .LVU88
 365 006a 2620     		movs	r0, #38
 366 006c FFF7FEFF 		bl	HAL_NVIC_EnableIRQ
 367              	.LVL16:
 368              		.loc 1 186 1 is_stmt 0 view .LVU89
 369 0070 D2E7     		b	.L17
 370              	.L22:
 371 0072 00BF     		.align	2
 372              	.L21:
 373 0074 00440040 		.word	1073759232
 374              		.cfi_endproc
 375              	.LFE133:
 377              		.section	.text.HAL_UART_MspDeInit,"ax",%progbits
 378              		.align	1
 379              		.global	HAL_UART_MspDeInit
 380              		.syntax unified
 381              		.thumb
 382              		.thumb_func
 383              		.fpu fpv4-sp-d16
 385              	HAL_UART_MspDeInit:
 386              	.LVL17:
 387              	.LFB134:
 187:Src/stm32l4xx_hal_msp.c **** 
 188:Src/stm32l4xx_hal_msp.c **** /**
 189:Src/stm32l4xx_hal_msp.c **** * @brief UART MSP De-Initialization
 190:Src/stm32l4xx_hal_msp.c **** * This function freeze the hardware resources used in this example
 191:Src/stm32l4xx_hal_msp.c **** * @param huart: UART handle pointer
 192:Src/stm32l4xx_hal_msp.c **** * @retval None
 193:Src/stm32l4xx_hal_msp.c **** */
 194:Src/stm32l4xx_hal_msp.c **** void HAL_UART_MspDeInit(UART_HandleTypeDef* huart)
 195:Src/stm32l4xx_hal_msp.c **** {
 388              		.loc 1 195 1 is_stmt 1 view -0
 389              		.cfi_startproc
 390              		@ args = 0, pretend = 0, frame = 0
ARM GAS  /tmp/cc2D7oUg.s 			page 12


 391              		@ frame_needed = 0, uses_anonymous_args = 0
 392              		.loc 1 195 1 is_stmt 0 view .LVU91
 393 0000 08B5     		push	{r3, lr}
 394              	.LCFI11:
 395              		.cfi_def_cfa_offset 8
 396              		.cfi_offset 3, -8
 397              		.cfi_offset 14, -4
 196:Src/stm32l4xx_hal_msp.c ****   if(huart->Instance==USART2)
 398              		.loc 1 196 3 is_stmt 1 view .LVU92
 399              		.loc 1 196 11 is_stmt 0 view .LVU93
 400 0002 0268     		ldr	r2, [r0]
 401              		.loc 1 196 5 view .LVU94
 402 0004 084B     		ldr	r3, .L27
 403 0006 9A42     		cmp	r2, r3
 404 0008 00D0     		beq	.L26
 405              	.LVL18:
 406              	.L23:
 197:Src/stm32l4xx_hal_msp.c ****   {
 198:Src/stm32l4xx_hal_msp.c ****   /* USER CODE BEGIN USART2_MspDeInit 0 */
 199:Src/stm32l4xx_hal_msp.c **** 
 200:Src/stm32l4xx_hal_msp.c ****   /* USER CODE END USART2_MspDeInit 0 */
 201:Src/stm32l4xx_hal_msp.c ****     /* Peripheral clock disable */
 202:Src/stm32l4xx_hal_msp.c ****     __HAL_RCC_USART2_CLK_DISABLE();
 203:Src/stm32l4xx_hal_msp.c ****   
 204:Src/stm32l4xx_hal_msp.c ****     /**USART2 GPIO Configuration    
 205:Src/stm32l4xx_hal_msp.c ****     PA2     ------> USART2_TX
 206:Src/stm32l4xx_hal_msp.c ****     PA3     ------> USART2_RX 
 207:Src/stm32l4xx_hal_msp.c ****     */
 208:Src/stm32l4xx_hal_msp.c ****     HAL_GPIO_DeInit(GPIOA, GPIO_PIN_2|GPIO_PIN_3);
 209:Src/stm32l4xx_hal_msp.c **** 
 210:Src/stm32l4xx_hal_msp.c ****     /* USART2 interrupt DeInit */
 211:Src/stm32l4xx_hal_msp.c ****     HAL_NVIC_DisableIRQ(USART2_IRQn);
 212:Src/stm32l4xx_hal_msp.c ****   /* USER CODE BEGIN USART2_MspDeInit 1 */
 213:Src/stm32l4xx_hal_msp.c **** 
 214:Src/stm32l4xx_hal_msp.c ****   /* USER CODE END USART2_MspDeInit 1 */
 215:Src/stm32l4xx_hal_msp.c ****   }
 216:Src/stm32l4xx_hal_msp.c **** 
 217:Src/stm32l4xx_hal_msp.c **** }
 407              		.loc 1 217 1 view .LVU95
 408 000a 08BD     		pop	{r3, pc}
 409              	.LVL19:
 410              	.L26:
 202:Src/stm32l4xx_hal_msp.c ****   
 411              		.loc 1 202 5 is_stmt 1 view .LVU96
 412 000c 074A     		ldr	r2, .L27+4
 413 000e 936D     		ldr	r3, [r2, #88]
 414 0010 23F40033 		bic	r3, r3, #131072
 415 0014 9365     		str	r3, [r2, #88]
 208:Src/stm32l4xx_hal_msp.c **** 
 416              		.loc 1 208 5 view .LVU97
 417 0016 0C21     		movs	r1, #12
 418 0018 4FF09040 		mov	r0, #1207959552
 419              	.LVL20:
 208:Src/stm32l4xx_hal_msp.c **** 
 420              		.loc 1 208 5 is_stmt 0 view .LVU98
 421 001c FFF7FEFF 		bl	HAL_GPIO_DeInit
 422              	.LVL21:
ARM GAS  /tmp/cc2D7oUg.s 			page 13


 211:Src/stm32l4xx_hal_msp.c ****   /* USER CODE BEGIN USART2_MspDeInit 1 */
 423              		.loc 1 211 5 is_stmt 1 view .LVU99
 424 0020 2620     		movs	r0, #38
 425 0022 FFF7FEFF 		bl	HAL_NVIC_DisableIRQ
 426              	.LVL22:
 427              		.loc 1 217 1 is_stmt 0 view .LVU100
 428 0026 F0E7     		b	.L23
 429              	.L28:
 430              		.align	2
 431              	.L27:
 432 0028 00440040 		.word	1073759232
 433 002c 00100240 		.word	1073876992
 434              		.cfi_endproc
 435              	.LFE134:
 437              		.text
 438              	.Letext0:
 439              		.file 2 "/usr/arm-none-eabi/include/machine/_default_types.h"
 440              		.file 3 "/usr/arm-none-eabi/include/sys/_stdint.h"
 441              		.file 4 "Drivers/CMSIS/Device/ST/STM32L4xx/Include/stm32l476xx.h"
 442              		.file 5 "Drivers/STM32L4xx_HAL_Driver/Inc/stm32l4xx_hal_def.h"
 443              		.file 6 "Drivers/STM32L4xx_HAL_Driver/Inc/stm32l4xx_hal_gpio.h"
 444              		.file 7 "Drivers/STM32L4xx_HAL_Driver/Inc/stm32l4xx_hal_dma.h"
 445              		.file 8 "Drivers/STM32L4xx_HAL_Driver/Inc/stm32l4xx_hal_spi.h"
 446              		.file 9 "Drivers/STM32L4xx_HAL_Driver/Inc/stm32l4xx_hal_uart.h"
 447              		.file 10 "Drivers/STM32L4xx_HAL_Driver/Inc/stm32l4xx_hal_cortex.h"
ARM GAS  /tmp/cc2D7oUg.s 			page 14


DEFINED SYMBOLS
                            *ABS*:0000000000000000 stm32l4xx_hal_msp.c
     /tmp/cc2D7oUg.s:18     .text.HAL_MspInit:0000000000000000 $t
     /tmp/cc2D7oUg.s:26     .text.HAL_MspInit:0000000000000000 HAL_MspInit
     /tmp/cc2D7oUg.s:77     .text.HAL_MspInit:000000000000002c $d
     /tmp/cc2D7oUg.s:82     .text.HAL_SPI_MspInit:0000000000000000 $t
     /tmp/cc2D7oUg.s:89     .text.HAL_SPI_MspInit:0000000000000000 HAL_SPI_MspInit
     /tmp/cc2D7oUg.s:192    .text.HAL_SPI_MspInit:0000000000000064 $d
     /tmp/cc2D7oUg.s:197    .text.HAL_SPI_MspDeInit:0000000000000000 $t
     /tmp/cc2D7oUg.s:204    .text.HAL_SPI_MspDeInit:0000000000000000 HAL_SPI_MspDeInit
     /tmp/cc2D7oUg.s:247    .text.HAL_SPI_MspDeInit:0000000000000024 $d
     /tmp/cc2D7oUg.s:253    .text.HAL_UART_MspInit:0000000000000000 $t
     /tmp/cc2D7oUg.s:260    .text.HAL_UART_MspInit:0000000000000000 HAL_UART_MspInit
     /tmp/cc2D7oUg.s:373    .text.HAL_UART_MspInit:0000000000000074 $d
     /tmp/cc2D7oUg.s:378    .text.HAL_UART_MspDeInit:0000000000000000 $t
     /tmp/cc2D7oUg.s:385    .text.HAL_UART_MspDeInit:0000000000000000 HAL_UART_MspDeInit
     /tmp/cc2D7oUg.s:432    .text.HAL_UART_MspDeInit:0000000000000028 $d

UNDEFINED SYMBOLS
HAL_GPIO_Init
HAL_GPIO_DeInit
HAL_NVIC_SetPriority
HAL_NVIC_EnableIRQ
HAL_NVIC_DisableIRQ
